<?xml version="1.0" encoding="UTF-8"?>
<!-- Generated by org.testng.reporters.JUnitReportReporter -->
<testsuite hostname="fv-az445-685" failures="0" tests="7" name="TestUtil.TestNGRunnerTest" time="11.852" errors="0" timestamp="2022-05-18T04:53:27 UTC" skipped="0">
  <testcase classname="TestUtil.TestNGRunnerTest" name="runScenario" time="0.788"/>
  <system-out/>
  <testcase classname="TestUtil.TestNGRunnerTest" name="runScenario" time="3.615"/>
  <system-out/>
  <testcase classname="TestUtil.TestNGRunnerTest" name="runScenario" time="0.832"/>
  <system-out/>
  <testcase classname="TestUtil.TestNGRunnerTest" name="runScenario" time="1.051"/>
  <system-out/>
  <testcase classname="TestUtil.TestNGRunnerTest" name="runScenario" time="3.603"/>
  <system-out/>
  <testcase classname="TestUtil.TestNGRunnerTest" name="runScenario" time="0.938"/>
  <system-out/>
  <testcase classname="TestUtil.TestNGRunnerTest" name="runScenario" time="1.025"/>
  <system-out/>
</testsuite> <!-- TestUtil.TestNGRunnerTest -->
