<?xml version="1.0" encoding="UTF-8"?>
<!-- Generated by org.testng.reporters.JUnitReportReporter -->
<testsuite hostname="fv-az224-897" failures="0" tests="7" name="TestUtil.TestNGRunnerTest" time="33.510" errors="0" timestamp="2022-05-18T04:52:09 UTC" skipped="0">
  <testcase classname="TestUtil.TestNGRunnerTest" name="runScenario" time="1.062"/>
  <system-out/>
  <testcase classname="TestUtil.TestNGRunnerTest" name="runScenario" time="14.117"/>
  <system-out/>
  <testcase classname="TestUtil.TestNGRunnerTest" name="runScenario" time="0.926"/>
  <system-out/>
  <testcase classname="TestUtil.TestNGRunnerTest" name="runScenario" time="0.978"/>
  <system-out/>
  <testcase classname="TestUtil.TestNGRunnerTest" name="runScenario" time="1.385"/>
  <system-out/>
  <testcase classname="TestUtil.TestNGRunnerTest" name="runScenario" time="0.931"/>
  <system-out/>
  <testcase classname="TestUtil.TestNGRunnerTest" name="runScenario" time="14.111"/>
  <system-out/>
</testsuite> <!-- TestUtil.TestNGRunnerTest -->
